
<!DOCTYPE html>
<html lang="en">

<head>
  <meta charset="UTF-8">
  <meta name='viewport' content='width=device-width, initial-scale=1.0'>
  <title>chaintest</title>
    <link href="https://cdn.jsdelivr.net/gh/anshooarora/chaintest@976b9706b4d752a6262a041a68a6ea08012e0fcf/cdn/simple/version/chaintest-pkg.css" rel="stylesheet">
  <link href="https://fonts.googleapis.com/css2?family=Roboto:ital,wght@0,100..900;1,100..900&display=swap" rel="stylesheet">
  <style></style>
</head>

<body data-bs-theme="dark">
  <nav class="navbar border-bottom">
    <div class="container d-flex justify-content-between">
      <div>
        <a class="navbar-brand" href="#">ChainTest</a>
        <span class="ms-3 fs-6">Open Cart Test Automation</span>
      </div>
      <div>
        <span class="badge badge-outline text-lg"><i class="bi bi-hourglass me-1"></i> 18s</span>
        <span class="badge badge-outline text-lg"><i class="bi bi-clock me-1 text-success"></i> 2025-05-01 01:21:09 PM</span>
        <span class="badge badge-outline text-lg me-3"><i class="bi bi-clock me-1 text-danger"></i> 2025-05-01 01:21:27 PM</span>
          <button role="button" id="sys-info" class="btn btn-outline-primary smaller" title="View System Info">
            <i class="bi bi-pc-display-horizontal"></i></button>
        <button role="button" id="shortcuts" class="btn btn-outline-primary smaller" title="Shortcuts">
          <i class="bi bi-info-circle"></i></button>
      </div>
    </div>
  </nav>

  <div id="summary" class="container-fluid bg-body-tertiary">
    <!-- dashboard section -->
    <div id="dashboard" class="py-5">
      <div class="container">
        <div class="row">
          <div class="col-4">
            <div class="card card-custom" style="height: 175px">
              <div class="card-header">
                Suites
              </div>
              <div class="card-body d-flex justify-content-center" style="height: 90px;">
                <div class="chart-view center" style="margin-left: -1rem;">
                  <canvas id="stats1"></canvas>
                </div>
              </div>
              <div class="card-footer small">
                <span id="sp1">0</span> Passed,
                <span id="sf1">1</span> Failed,
                <span id="ss1">0</span> Skipped
              </div>
            </div>
          </div>
          <div class="col-4">
            <div class="card card-custom" style="height: 175px">
              <div class="card-header">
                Classes
              </div>
              <div class="card-body d-flex justify-content-center" style="height: 90px;">
                <div class="chart-view center" style="margin-left: -1rem;">
                  <canvas id="stats2"></canvas>
                </div>
              </div>
              <div class="card-footer small">
                <span id="sp2">0</span> Passed,
                <span id="sf2">2</span> Failed,
                <span id="ss2">0</span> Skipped
              </div>
            </div>
          </div>
            <div class="col-4">
              <div class="card card-custom" style="height: 175px">
                <div class="card-header">
                  Methods
                </div>
                <div class="card-body d-flex justify-content-center" style="height: 90px;">
                  <div class="chart-view center" style="margin-left: -1rem;">
                    <canvas id="stats3"></canvas>
                  </div>
                </div>
                <div class="card-footer small">
                  <span id="sp3">3</span> Passed,
                  <span id="sf3">4</span> Failed,
                  <span id="ss3">0</span> Skipped
                </div>
              </div>
            </div>
        </div>
      </div>
    </div>
    <!-- /dashboard section -->

    <!-- tag section -->
    <!-- /tag section -->
  </div>

  <div class="container-fluid">
    <div class="py-3 mb-5">
      <div class="container d-flex justify-content-between">
        <div class="input-group">
          <input type="text" id="q" class="form-control border" placeholder="Search..." aria-label="Search...">
          <button class="btn border btn-sm text-success status-filter" id="passed" type="button">Passed</button>
          <button class="btn border btn-sm text-warning status-filter" id="skipped" type="button">Skipped</button>
          <button class="btn border btn-sm text-danger status-filter" id="failed" type="button">Failed</button>
          <button id="clear-filters" class="btn border btn-sm"><i class="bi bi-x-lg me-1"></i>Clear all filters</button>
          <button type="button" id="summary-toggle" class="btn border btn-sm"><i class="bi bi-toggle-on me-1"></i> Toggle Summary Section</button>
        </div>
      </div>
    </div>
      <div class="test-container failed">
        <div class="container">
          <div class="row">
            <div class="col-4">
              <h6 class="mb-3 testname fs-6 failed">Opencart App Test Regression Suite</h6>
              <div class="small">
                <span class="badge badge-outline"><i class="bi bi-hourglass me-1"></i> 16s</span>
                <span class="badge text-bg-info"><i class="bi bi-clock me-1"></i>
                  2025-05-01 01:21:10 PM</span>
                <span class="badge text-bg-warning"><i class="bi bi-clock me-1"></i>
                  2025-05-01 01:21:26 PM</span>
              </div>
              
            </div>
            <div class="col-8">
                <div class="card mb-3 result failed">
                  <div class="card-body">
                    <div class="d-flex justify-content-between">
                      <div>
                          <i class="bi bi-exclamation-octagon-fill text-danger"></i>
                        <span class="fs-6 ms-2">com.qa.opencart.tests.AccountsPageTest</span>
                      </div>
                      <div>
                        <span class="badge text-dark bg-light">6s</span>
                      </div>
                    </div>
                    
  <div class="mt-3 border-top">
    <div class="leaf passed pb-1 ">
      <div class="d-flex justify-content-between mt-3">
        <div>
            <i class="bi bi-check-circle-fill text-success"></i>
          <span class="fs-6 ms-2">accPageHeadersTest </span>
        </div>
        <div>
          <span class="badge text-dark bg-light">396ms</span>
        </div>
      </div>
      <p class="desc"></p>
    </div>
    <div class="leaf failed pb-1 ">
      <div class="d-flex justify-content-between mt-3">
        <div>
            <i class="bi bi-exclamation-octagon-fill text-danger"></i>
          <span class="fs-6 ms-2">accPageTitleTest </span>
        </div>
        <div>
          <span class="badge text-dark bg-light">5s</span>
        </div>
      </div>
      <p class="desc"></p>
        <pre class="py-2 mt-2 mb-4">java.lang.AssertionError: expected [My Account11] but found [null]
	at org.testng.Assert.fail(Assert.java:110)
	at org.testng.Assert.failNotEquals(Assert.java:1413)
	at org.testng.Assert.assertEqualsImpl(Assert.java:149)
	at org.testng.Assert.assertEquals(Assert.java:131)
	at org.testng.Assert.assertEquals(Assert.java:655)
	at org.testng.Assert.assertEquals(Assert.java:665)
	at com.qa.opencart.tests.AccountsPageTest.accPageTitleTest(AccountsPageTest.java:41)
	at java.base/jdk.internal.reflect.NativeMethodAccessorImpl.invoke0(Native Method)
	at java.base/jdk.internal.reflect.NativeMethodAccessorImpl.invoke(NativeMethodAccessorImpl.java:62)
	at java.base/jdk.internal.reflect.DelegatingMethodAccessorImpl.invoke(DelegatingMethodAccessorImpl.java:43)
	at java.base/java.lang.reflect.Method.invoke(Method.java:566)
	at org.testng.internal.invokers.MethodInvocationHelper.invokeMethod(MethodInvocationHelper.java:139)
	at org.testng.internal.invokers.TestInvoker.invokeMethod(TestInvoker.java:677)
	at org.testng.internal.invokers.TestInvoker.invokeTestMethod(TestInvoker.java:221)
	at org.testng.internal.invokers.MethodRunner.runInSequence(MethodRunner.java:50)
	at org.testng.internal.invokers.TestInvoker$MethodInvocationAgent.invoke(TestInvoker.java:969)
	at org.testng.internal.invokers.TestInvoker.invokeTestMethods(TestInvoker.java:194)
	at org.testng.internal.invokers.TestMethodWorker.invokeTestMethods(TestMethodWorker.java:148)
	at org.testng.internal.invokers.TestMethodWorker.run(TestMethodWorker.java:128)
	at java.base/java.util.ArrayList.forEach(ArrayList.java:1541)
	at org.testng.TestRunner.privateRun(TestRunner.java:829)
	at org.testng.TestRunner.run(TestRunner.java:602)
	at org.testng.SuiteRunner.runTest(SuiteRunner.java:437)
	at org.testng.SuiteRunner$SuiteWorker.run(SuiteRunner.java:475)
	at org.testng.internal.thread.ThreadUtil.lambda$execute$0(ThreadUtil.java:58)
	at java.base/java.util.concurrent.FutureTask.run(FutureTask.java:264)
	at java.base/java.util.concurrent.ThreadPoolExecutor.runWorker(ThreadPoolExecutor.java:1128)
	at java.base/java.util.concurrent.ThreadPoolExecutor$Worker.run(ThreadPoolExecutor.java:628)
	at java.base/java.lang.Thread.run(Thread.java:834)
</pre>
        <div class="row mt-3">
            <div class="embed col-2 mb-1">
              <img src="resources/71e38c47-0bd7-49d2-bfea-182f8fd99ad4.png" />
            </div>
        </div>
    </div>
    <div class="leaf passed pb-1 ">
      <div class="d-flex justify-content-between mt-3">
        <div>
            <i class="bi bi-check-circle-fill text-success"></i>
          <span class="fs-6 ms-2">accPageURLTest </span>
        </div>
        <div>
          <span class="badge text-dark bg-light">11ms</span>
        </div>
      </div>
      <p class="desc"></p>
    </div>
  </div>

                  </div>
                </div>
                <div class="card mb-3 result failed">
                  <div class="card-body">
                    <div class="d-flex justify-content-between">
                      <div>
                          <i class="bi bi-exclamation-octagon-fill text-danger"></i>
                        <span class="fs-6 ms-2">com.qa.opencart.tests.LoginPageTest</span>
                      </div>
                      <div>
                        <span class="badge text-dark bg-light">12s</span>
                      </div>
                    </div>
                    
  <div class="mt-3 border-top">
    <div class="leaf failed pb-1 ">
      <div class="d-flex justify-content-between mt-3">
        <div>
            <i class="bi bi-exclamation-octagon-fill text-danger"></i>
          <span class="fs-6 ms-2">forgotPwdLinkExistTest </span>
        </div>
        <div>
          <span class="badge text-dark bg-light">637ms</span>
        </div>
      </div>
      <p class="desc">forgotPwdLinkExistTest</p>
        <pre class="py-2 mt-2 mb-4">java.lang.AssertionError: expected [true] but found [false]
	at org.testng.Assert.fail(Assert.java:110)
	at org.testng.Assert.failNotEquals(Assert.java:1413)
	at org.testng.Assert.assertTrue(Assert.java:56)
	at org.testng.Assert.assertTrue(Assert.java:66)
	at com.qa.opencart.tests.LoginPageTest.forgotPwdLinkExistTest(LoginPageTest.java:49)
	at java.base/jdk.internal.reflect.NativeMethodAccessorImpl.invoke0(Native Method)
	at java.base/jdk.internal.reflect.NativeMethodAccessorImpl.invoke(NativeMethodAccessorImpl.java:62)
	at java.base/jdk.internal.reflect.DelegatingMethodAccessorImpl.invoke(DelegatingMethodAccessorImpl.java:43)
	at java.base/java.lang.reflect.Method.invoke(Method.java:566)
	at org.testng.internal.invokers.MethodInvocationHelper.invokeMethod(MethodInvocationHelper.java:139)
	at org.testng.internal.invokers.TestInvoker.invokeMethod(TestInvoker.java:677)
	at org.testng.internal.invokers.TestInvoker.invokeTestMethod(TestInvoker.java:221)
	at org.testng.internal.invokers.MethodRunner.runInSequence(MethodRunner.java:50)
	at org.testng.internal.invokers.TestInvoker$MethodInvocationAgent.invoke(TestInvoker.java:969)
	at org.testng.internal.invokers.TestInvoker.invokeTestMethods(TestInvoker.java:194)
	at org.testng.internal.invokers.TestMethodWorker.invokeTestMethods(TestMethodWorker.java:148)
	at org.testng.internal.invokers.TestMethodWorker.run(TestMethodWorker.java:128)
	at java.base/java.util.ArrayList.forEach(ArrayList.java:1541)
	at org.testng.TestRunner.privateRun(TestRunner.java:829)
	at org.testng.TestRunner.run(TestRunner.java:602)
	at org.testng.SuiteRunner.runTest(SuiteRunner.java:437)
	at org.testng.SuiteRunner$SuiteWorker.run(SuiteRunner.java:475)
	at org.testng.internal.thread.ThreadUtil.lambda$execute$0(ThreadUtil.java:58)
	at java.base/java.util.concurrent.FutureTask.run(FutureTask.java:264)
	at java.base/java.util.concurrent.ThreadPoolExecutor.runWorker(ThreadPoolExecutor.java:1128)
	at java.base/java.util.concurrent.ThreadPoolExecutor$Worker.run(ThreadPoolExecutor.java:628)
	at java.base/java.lang.Thread.run(Thread.java:834)
</pre>
        <div class="mt-3 logs ">
          <pre class="pb-0">
locator : By.linkText: Forgotten Password11
          </pre>
        </div>
        <div class="row mt-3">
            <div class="embed col-2 mb-1">
              <img src="resources/20be507f-cd7c-4c3d-9104-9e2f8cccb7fa.png" />
            </div>
        </div>
    </div>
    <div class="leaf failed pb-1 ">
      <div class="d-flex justify-content-between mt-3">
        <div>
            <i class="bi bi-exclamation-octagon-fill text-danger"></i>
          <span class="fs-6 ms-2">loginPageTitleTest </span>
        </div>
        <div>
          <span class="badge text-dark bg-light">5s</span>
        </div>
      </div>
      <p class="desc">checking login title</p>
        <pre class="py-2 mt-2 mb-4">java.lang.AssertionError: expected [Account Login11] but found [null]
	at org.testng.Assert.fail(Assert.java:110)
	at org.testng.Assert.failNotEquals(Assert.java:1413)
	at org.testng.Assert.assertEqualsImpl(Assert.java:149)
	at org.testng.Assert.assertEquals(Assert.java:131)
	at org.testng.Assert.assertEquals(Assert.java:655)
	at org.testng.Assert.assertEquals(Assert.java:665)
	at com.qa.opencart.tests.LoginPageTest.loginPageTitleTest(LoginPageTest.java:32)
	at java.base/jdk.internal.reflect.NativeMethodAccessorImpl.invoke0(Native Method)
	at java.base/jdk.internal.reflect.NativeMethodAccessorImpl.invoke(NativeMethodAccessorImpl.java:62)
	at java.base/jdk.internal.reflect.DelegatingMethodAccessorImpl.invoke(DelegatingMethodAccessorImpl.java:43)
	at java.base/java.lang.reflect.Method.invoke(Method.java:566)
	at org.testng.internal.invokers.MethodInvocationHelper.invokeMethod(MethodInvocationHelper.java:139)
	at org.testng.internal.invokers.TestInvoker.invokeMethod(TestInvoker.java:677)
	at org.testng.internal.invokers.TestInvoker.invokeTestMethod(TestInvoker.java:221)
	at org.testng.internal.invokers.MethodRunner.runInSequence(MethodRunner.java:50)
	at org.testng.internal.invokers.TestInvoker$MethodInvocationAgent.invoke(TestInvoker.java:969)
	at org.testng.internal.invokers.TestInvoker.invokeTestMethods(TestInvoker.java:194)
	at org.testng.internal.invokers.TestMethodWorker.invokeTestMethods(TestMethodWorker.java:148)
	at org.testng.internal.invokers.TestMethodWorker.run(TestMethodWorker.java:128)
	at java.base/java.util.ArrayList.forEach(ArrayList.java:1541)
	at org.testng.TestRunner.privateRun(TestRunner.java:829)
	at org.testng.TestRunner.run(TestRunner.java:602)
	at org.testng.SuiteRunner.runTest(SuiteRunner.java:437)
	at org.testng.SuiteRunner$SuiteWorker.run(SuiteRunner.java:475)
	at org.testng.internal.thread.ThreadUtil.lambda$execute$0(ThreadUtil.java:58)
	at java.base/java.util.concurrent.FutureTask.run(FutureTask.java:264)
	at java.base/java.util.concurrent.ThreadPoolExecutor.runWorker(ThreadPoolExecutor.java:1128)
	at java.base/java.util.concurrent.ThreadPoolExecutor$Worker.run(ThreadPoolExecutor.java:628)
	at java.base/java.lang.Thread.run(Thread.java:834)
</pre>
        <div class="mt-3 logs ">
          <pre class="pb-0">
checking login page title: null
          </pre>
        </div>
        <div class="row mt-3">
            <div class="embed col-2 mb-1">
              <img src="resources/a7fa2840-fbc4-4e77-8d71-b5f42f36bd84.png" />
            </div>
        </div>
    </div>
    <div class="leaf passed pb-1 ">
      <div class="d-flex justify-content-between mt-3">
        <div>
            <i class="bi bi-check-circle-fill text-success"></i>
          <span class="fs-6 ms-2">loginPageURLTest </span>
        </div>
        <div>
          <span class="badge text-dark bg-light">18ms</span>
        </div>
      </div>
      <p class="desc">checking login page url</p>
    </div>
    <div class="leaf failed pb-1 ">
      <div class="d-flex justify-content-between mt-3">
        <div>
            <i class="bi bi-exclamation-octagon-fill text-danger"></i>
          <span class="fs-6 ms-2">doLoginTest </span>
        </div>
        <div>
          <span class="badge text-dark bg-light">5s</span>
        </div>
      </div>
      <p class="desc">login with valid credentials</p>
        <pre class="py-2 mt-2 mb-4">java.lang.AssertionError: expected [My Account11] but found [null]
	at org.testng.Assert.fail(Assert.java:110)
	at org.testng.Assert.failNotEquals(Assert.java:1413)
	at org.testng.Assert.assertEqualsImpl(Assert.java:149)
	at org.testng.Assert.assertEquals(Assert.java:131)
	at org.testng.Assert.assertEquals(Assert.java:655)
	at org.testng.Assert.assertEquals(Assert.java:665)
	at com.qa.opencart.tests.LoginPageTest.doLoginTest(LoginPageTest.java:58)
	at java.base/jdk.internal.reflect.NativeMethodAccessorImpl.invoke0(Native Method)
	at java.base/jdk.internal.reflect.NativeMethodAccessorImpl.invoke(NativeMethodAccessorImpl.java:62)
	at java.base/jdk.internal.reflect.DelegatingMethodAccessorImpl.invoke(DelegatingMethodAccessorImpl.java:43)
	at java.base/java.lang.reflect.Method.invoke(Method.java:566)
	at org.testng.internal.invokers.MethodInvocationHelper.invokeMethod(MethodInvocationHelper.java:139)
	at org.testng.internal.invokers.TestInvoker.invokeMethod(TestInvoker.java:677)
	at org.testng.internal.invokers.TestInvoker.invokeTestMethod(TestInvoker.java:221)
	at org.testng.internal.invokers.MethodRunner.runInSequence(MethodRunner.java:50)
	at org.testng.internal.invokers.TestInvoker$MethodInvocationAgent.invoke(TestInvoker.java:969)
	at org.testng.internal.invokers.TestInvoker.invokeTestMethods(TestInvoker.java:194)
	at org.testng.internal.invokers.TestMethodWorker.invokeTestMethods(TestMethodWorker.java:148)
	at org.testng.internal.invokers.TestMethodWorker.run(TestMethodWorker.java:128)
	at java.base/java.util.ArrayList.forEach(ArrayList.java:1541)
	at org.testng.TestRunner.privateRun(TestRunner.java:829)
	at org.testng.TestRunner.run(TestRunner.java:602)
	at org.testng.SuiteRunner.runTest(SuiteRunner.java:437)
	at org.testng.SuiteRunner$SuiteWorker.run(SuiteRunner.java:475)
	at org.testng.internal.thread.ThreadUtil.lambda$execute$0(ThreadUtil.java:58)
	at java.base/java.util.concurrent.FutureTask.run(FutureTask.java:264)
	at java.base/java.util.concurrent.ThreadPoolExecutor.runWorker(ThreadPoolExecutor.java:1128)
	at java.base/java.util.concurrent.ThreadPoolExecutor$Worker.run(ThreadPoolExecutor.java:628)
	at java.base/java.lang.Thread.run(Thread.java:834)
</pre>
        <div class="mt-3 logs ">
          <pre class="pb-0">
locator : By.id: input-password
locator : By.id: input-password
locator : By.xpath: //input[@value='Login']
          </pre>
        </div>
        <div class="row mt-3">
            <div class="embed col-2 mb-1">
              <img src="resources/9e890d93-4048-490d-a2b5-c574e7dc4bfe.png" />
            </div>
        </div>
    </div>
  </div>

                  </div>
                </div>
            </div>
          </div>
        </div>
          <div class="border-bottom py-5"></div>
      </div>
  </div>

  <script>
    const stats1Annotation = {'total': 1, 'passed': 0};
    const stats1 = [
      { result: 'Passed', count: 0, bg: 'rgb(140, 197, 83)' },
      { result: 'Failed', count: 1, bg: 'rgb(233,80,113)' },
      { result: 'Skipped', count: 0, bg: 'rgb(13, 202, 240)' }
    ];
      const stats2Annotation = {'total': 2, 'passed': 0};
      const stats2 = [
        { result: 'Passed', count: 0, bg: 'rgb(140, 197, 83)' },
        { result: 'Failed', count: 2, bg: 'rgb(233,80,113)' },
        { result: 'Skipped', count: 0, bg: 'rgb(13, 202, 240)' }
      ];
      const stats3Annotation = {'total': 7, 'passed': 3};
      const stats3 = [
        { result: 'Passed', count: 3, bg: 'rgb(140, 197, 83)' },
        { result: 'Failed', count: 4, bg: 'rgb(233,80,113)' },
        { result: 'Skipped', count: 0, bg: 'rgb(13, 202, 240)' }
      ];
     
  </script>
    <script src="https://cdn.jsdelivr.net/gh/anshooarora/chaintest@976b9706b4d752a6262a041a68a6ea08012e0fcf/cdn/simple/version/chaintest-pkg.js"></script>

    <div id="sys-info-modal" class="modal" tabindex="-1">
      <div class="modal-dialog">
        <div class="modal-content">
          <div class="modal-header">
            <h6 class="modal-title">System</h6>
            <button type="button" class="btn-close" data-bs-dismiss="modal" aria-label="Close"
              onclick="toggleSysInfo(false)"></button>
          </div>
          <div class="modal-body">
            <table class="table">
              <tbody>
                  <tr>
                    <td>java.version</td>
                    <td>11.0.26</td>
                  </tr>
                  <tr>
                    <td>java.vm.name</td>
                    <td>Java HotSpot(TM) 64-Bit Server VM</td>
                  </tr>
                  <tr>
                    <td>java.vm.vendor</td>
                    <td>Oracle Corporation</td>
                  </tr>
                  <tr>
                    <td>java.class.version</td>
                    <td>55.0</td>
                  </tr>
                  <tr>
                    <td>java.runtime.name</td>
                    <td>Java(TM) SE Runtime Environment</td>
                  </tr>
                  <tr>
                    <td>os.name</td>
                    <td>Windows 10</td>
                  </tr>
                  <tr>
                    <td>os.arch</td>
                    <td>amd64</td>
                  </tr>
                  <tr>
                    <td>os.version</td>
                    <td>10.0</td>
                  </tr>
              </tbody>
            </table>
          </div>
          <div class="modal-footer">
            <button type="button" class="btn btn-secondary" data-bs-dismiss="modal"
              onclick="toggleSysInfo(false)">Close</button>
          </div>
        </div>
      </div>
    </div>

  <div id="info-modal" class="modal" tabindex="-1">
    <div class="modal-dialog">
      <div class="modal-content">
        <div class="modal-header">
          <h6 class="modal-title">ChainTest Simple Generator - Shortcuts</h6>
          <button type="button" class="btn-close" data-bs-dismiss="modal" aria-label="Close"
            onclick="toggleInfoModal(false)"></button>
        </div>
        <div class="modal-body">
          <table class="table">
            <tbody>
                <tr>
                  <td>p</td>
                  <td>Toggle passed tests</td>
                </tr>
                <tr>
                  <td>s</td>
                  <td>Toggle skipped tests</td>
                </tr>
                <tr>
                  <td>esc</td>
                  <td>Reset all filters</td>
                </tr>
                <tr>
                  <td>L</td>
                  <td>Toggle theme (light/dark)</td>
                </tr>
                <tr>
                  <td>f</td>
                  <td>Toggle failed tests</td>
                </tr>
            </tbody>
          </table>
        </div>
        <div class="modal-footer">
          <button type="button" class="btn btn-secondary" data-bs-dismiss="modal"
            onclick="toggleInfoModal(false)">Close</button>
        </div>
      </div>
    </div>
  </div>

  <div id="attachment-modal" class="modal" tabindex="-1">
    <div class="modal-dialog modal-lg">
      <div class="modal-content">
        <div class="modal-header">
          <h6 class="modal-title">Attachment</h6>
          <button type="button" class="btn-close" data-bs-dismiss="modal" aria-label="Close"
            onclick="toggleAttachmentModal(false)"></button>
        </div>
        <div class="modal-body">
          <img src="" />
        </div>
        <div class="modal-footer">
          <button type="button" class="btn btn-secondary" data-bs-dismiss="modal"
            onclick="toggleAttachmentModal(false)">Close</button>
        </div>
      </div>
    </div>
  </div>

</body>

</html>